<?xml version="1.0" encoding="UTF-8"?>
<testng-results ignored="0" total="1" passed="1" failed="0" skipped="0">
  <reporter-output>
  </reporter-output>
  <suite started-at="2024-01-31T16:50:55 MST" name="Default suite" finished-at="2024-01-31T16:51:19 MST" duration-ms="23915">
    <groups>
    </groups>
    <test started-at="2024-01-31T16:50:55 MST" name="Default test" finished-at="2024-01-31T16:51:19 MST" duration-ms="23915">
      <class name="automation.homePageTest">
        <test-method is-config="true" signature="startServer()[pri:0, instance:automation.homePageTest@6f03482]" started-at="2024-01-31T16:50:55 MST" name="startServer" finished-at="2024-01-31T16:50:56 MST" duration-ms="206" status="PASS">
          <reporter-output>
          </reporter-output>
        </test-method> <!-- startServer -->
        <test-method signature="addProductToCart()[pri:0, instance:automation.homePageTest@6f03482]" started-at="2024-01-31T16:50:56 MST" name="addProductToCart" finished-at="2024-01-31T16:51:19 MST" duration-ms="23642" status="PASS">
          <reporter-output>
          </reporter-output>
        </test-method> <!-- addProductToCart -->
        <test-method is-config="true" signature="tearDown()[pri:0, instance:automation.homePageTest@6f03482]" started-at="2024-01-31T16:51:19 MST" name="tearDown" finished-at="2024-01-31T16:51:19 MST" duration-ms="7" status="PASS">
          <reporter-output>
          </reporter-output>
        </test-method> <!-- tearDown -->
      </class> <!-- automation.homePageTest -->
    </test> <!-- Default test -->
  </suite> <!-- Default suite -->
</testng-results>
